生成启动时间为 2018/3/20 15:59:19。
     1>项目“E:\SelfSellWallet\SelfSellWallet.vcxproj”在节点 2 上(Build 个目标)。
     1>Link:
         D:\Program Files (x86)\Microsoft Visual Studio 12.0\VC\bin\x86_amd64\link.exe /ERRORREPORT:PROMPT /OUT:"E:\SelfSellWallet\x64\Release\\SelfSellWallet.exe" /NOLOGO /LIBPATH:C:\Qt\Qt5.7.1\5.7\msvc2013_64\lib qtmain.lib shell32.lib DbgHelp.lib User32.Lib E:\SelfSellWallet\\qrencode.lib imm32.lib Qt5Widgets.lib Qt5Gui.lib Qt5Xml.lib Qt5Network.lib Qt5Core.lib kernel32.lib user32.lib gdi32.lib winspool.lib comdlg32.lib advapi32.lib shell32.lib ole32.lib oleaut32.lib uuid.lib odbc32.lib odbccp32.lib /MANIFEST /MANIFESTUAC:"level='asInvoker' uiAccess='false'" /manifest:embed /PDB:"E:\SelfSellWallet\x64\Release\SelfSellWallet.pdb" /SUBSYSTEM:WINDOWS /TLBID:1 /DYNAMICBASE /NXCOMPAT /IMPLIB:"E:\SelfSellWallet\x64\Release\SelfSellWallet.lib" /MACHINE:X64 x64\Release\logo.res
         x64\Release\accountcellwidget.obj
         x64\Release\accountpage.obj
         x64\Release\addcontactdialog.obj
         x64\Release\addnodedialog.obj
         x64\Release\applydelegatepage.obj
         x64\Release\blockchain.obj
         x64\Release\bottombar.obj
         x64\Release\chooseupgradedialog.obj
         x64\Release\commandjson.obj
         x64\Release\commondialog.obj
         x64\Release\commontip.obj
         x64\Release\consoledialog.obj
         x64\Release\contactdialog.obj
         x64\Release\contactpage.obj
         x64\Release\contract.obj
         x64\Release\accountdetailwidget.obj
         x64\Release\chooseaddaccountdialog.obj
         x64\Release\myprogressbar.obj
         x64\Release\qrcodewidget.obj
         x64\Release\remarkcellwidget.obj
         x64\Release\rightclickmenudialog.obj
         x64\Release\shadowwidget.obj
         x64\Release\showbottombarwidget.obj
         x64\Release\datamgr.obj
         x64\Release\debug_log.obj
         x64\Release\deleteaccountdialog.obj
         x64\Release\chooseexportdialog.obj
         x64\Release\dialogwithshadow.obj
         x64\Release\renamedialog.obj
         x64\Release\editremarkdialog.obj
         x64\Release\exportdialog.obj
         x64\Release\dynamicmove.obj
         x64\Release\firstlogin.obj
         x64\Release\frame.obj
         x64\Release\functionbar.obj
         x64\Release\moc_accountcellwidget.obj
         x64\Release\moc_accountdetailwidget.obj
         x64\Release\moc_accountpage.obj
         x64\Release\moc_addcontactdialog.obj
         x64\Release\moc_addnodedialog.obj
         x64\Release\moc_applydelegatepage.obj
         x64\Release\moc_bottombar.obj
         x64\Release\moc_chooseaddaccountdialog.obj
         x64\Release\moc_chooseexportdialog.obj
         x64\Release\moc_chooseupgradedialog.obj
         x64\Release\moc_commondialog.obj
         x64\Release\moc_commontip.obj
         x64\Release\moc_consoledialog.obj
         x64\Release\moc_contactdialog.obj
         x64\Release\moc_contactpage.obj
         x64\Release\moc_datamgr.obj
         x64\Release\moc_deleteaccountdialog.obj
         x64\Release\moc_dynamicmove.obj
         x64\Release\moc_editremarkdialog.obj
         x64\Release\moc_exportdialog.obj
         x64\Release\moc_firstlogin.obj
         x64\Release\moc_frame.obj
         x64\Release\moc_functionbar.obj
         x64\Release\moc_goopal.obj
         x64\Release\moc_importdialog.obj
         x64\Release\moc_incomecellwidget.obj
         x64\Release\moc_ipcellwidget.obj
         x64\Release\moc_lockpage.obj
         x64\Release\moc_mainpage.obj
         x64\Release\moc_myprogressbar.obj
         x64\Release\moc_namedialog.obj
         x64\Release\moc_newsdialog.obj
         x64\Release\moc_normallogin.obj
         x64\Release\moc_peerinfodialog.obj
         x64\Release\moc_qrcodewidget.obj
         x64\Release\moc_remarkcellwidget.obj
         x64\Release\moc_remarkdialog.obj
         x64\Release\moc_renamedialog.obj
         x64\Release\moc_rightclickmenudialog.obj
         x64\Release\moc_rpcmgr.obj
         x64\Release\moc_searchoptionwidget.obj
         x64\Release\moc_selectgoppathwidget.obj
         x64\Release\moc_setdialog.obj
         x64\Release\moc_shadowwidget.obj
         x64\Release\moc_showbottombarwidget.obj
         x64\Release\moc_showcontentdialog.obj
         x64\Release\moc_singlecontactwidget.obj
         x64\Release\moc_titlebar.obj
         x64\Release\moc_tokentransaction.obj
         x64\Release\moc_transferconfirmdialog.obj
         x64\Release\moc_transferpage.obj
         x64\Release\moc_upgradepage.obj
         x64\Release\moc_waitingforsync.obj
         x64\Release\moc_waitingpage.obj
         x64\Release\moc_workerthread.obj
         x64\Release\moc_workerthreadmanager.obj
         x64\Release\goopal.obj
         x64\Release\identitycellwidget.obj
         x64\Release\importdialog.obj
         x64\Release\incomecellwidget.obj
         x64\Release\ipcellwidget.obj
         x64\Release\lockpage.obj
         x64\Release\main.obj
         x64\Release\mainpage.obj
         x64\Release\misc.obj
         x64\Release\namedialog.obj
         x64\Release\newsdialog.obj
         x64\Release\normallogin.obj
         x64\Release\outputmessage.obj
         x64\Release\peerinfodialog.obj
         x64\Release\remarkdialog.obj
         x64\Release\rpcmgr.obj
         x64\Release\searchoptionwidget.obj
         x64\Release\selectgoppathwidget.obj
         x64\Release\setdialog.obj
         x64\Release\showcontentdialog.obj
         x64\Release\singlecontactwidget.obj
         x64\Release\sundry.obj
         x64\Release\titlebar.obj
         x64\Release\tokentransaction.obj
         x64\Release\transferconfirmdialog.obj
         x64\Release\transferpage.obj
         x64\Release\upgradepage.obj
         x64\Release\waitingforsync.obj
         x64\Release\waitingpage.obj
         x64\Release\wallet.obj
         x64\Release\workerthread.obj
         x64\Release\workerthreadmanager.obj
         SelfSellWallet.vcxproj -> E:\SelfSellWallet\x64\Release\SelfSellWallet.exe
     1>已完成生成项目“E:\SelfSellWallet\SelfSellWallet.vcxproj”(Build 个目标)的操作。

生成成功。

已用时间 00:00:01.49
