e:\selfsellwallet\x64\release\remarkcellwidget.obj
e:\selfsellwallet\x64\release\qrcodewidget.obj
e:\selfsellwallet\x64\release\myprogressbar.obj
e:\selfsellwallet\x64\release\chooseaddaccountdialog.obj
e:\selfsellwallet\x64\release\accountdetailwidget.obj
e:\selfsellwallet\x64\release\contract.obj
e:\selfsellwallet\x64\release\contactpage.obj
e:\selfsellwallet\x64\release\contactdialog.obj
e:\selfsellwallet\x64\release\consoledialog.obj
e:\selfsellwallet\x64\release\commontip.obj
e:\selfsellwallet\x64\release\commondialog.obj
e:\selfsellwallet\x64\release\commandjson.obj
e:\selfsellwallet\x64\release\chooseupgradedialog.obj
e:\selfsellwallet\x64\release\bottombar.obj
e:\selfsellwallet\x64\release\blockchain.obj
e:\selfsellwallet\x64\release\applydelegatepage.obj
e:\selfsellwallet\x64\release\addnodedialog.obj
e:\selfsellwallet\x64\release\addcontactdialog.obj
e:\selfsellwallet\x64\release\accountpage.obj
e:\selfsellwallet\x64\release\accountcellwidget.obj
e:\selfsellwallet\x64\release\moc_addnodedialog.obj
e:\selfsellwallet\x64\release\moc_addcontactdialog.obj
e:\selfsellwallet\x64\release\moc_accountpage.obj
e:\selfsellwallet\x64\release\moc_accountdetailwidget.obj
e:\selfsellwallet\x64\release\moc_accountcellwidget.obj
e:\selfsellwallet\x64\release\functionbar.obj
e:\selfsellwallet\x64\release\frame.obj
e:\selfsellwallet\x64\release\firstlogin.obj
e:\selfsellwallet\x64\release\dynamicmove.obj
e:\selfsellwallet\x64\release\exportdialog.obj
e:\selfsellwallet\x64\release\editremarkdialog.obj
e:\selfsellwallet\x64\release\renamedialog.obj
e:\selfsellwallet\x64\release\dialogwithshadow.obj
e:\selfsellwallet\x64\release\chooseexportdialog.obj
e:\selfsellwallet\x64\release\deleteaccountdialog.obj
e:\selfsellwallet\x64\release\debug_log.obj
e:\selfsellwallet\x64\release\datamgr.obj
e:\selfsellwallet\x64\release\showbottombarwidget.obj
e:\selfsellwallet\x64\release\shadowwidget.obj
e:\selfsellwallet\x64\release\rightclickmenudialog.obj
e:\selfsellwallet\x64\release\moc_importdialog.obj
e:\selfsellwallet\x64\release\moc_goopal.obj
e:\selfsellwallet\x64\release\moc_functionbar.obj
e:\selfsellwallet\x64\release\moc_frame.obj
e:\selfsellwallet\x64\release\moc_firstlogin.obj
e:\selfsellwallet\x64\release\moc_exportdialog.obj
e:\selfsellwallet\x64\release\moc_editremarkdialog.obj
e:\selfsellwallet\x64\release\moc_dynamicmove.obj
e:\selfsellwallet\x64\release\moc_deleteaccountdialog.obj
e:\selfsellwallet\x64\release\moc_datamgr.obj
e:\selfsellwallet\x64\release\moc_contactpage.obj
e:\selfsellwallet\x64\release\moc_contactdialog.obj
e:\selfsellwallet\x64\release\moc_consoledialog.obj
e:\selfsellwallet\x64\release\moc_commontip.obj
e:\selfsellwallet\x64\release\moc_commondialog.obj
e:\selfsellwallet\x64\release\moc_chooseupgradedialog.obj
e:\selfsellwallet\x64\release\moc_chooseexportdialog.obj
e:\selfsellwallet\x64\release\moc_chooseaddaccountdialog.obj
e:\selfsellwallet\x64\release\moc_bottombar.obj
e:\selfsellwallet\x64\release\moc_applydelegatepage.obj
e:\selfsellwallet\x64\release\moc_showbottombarwidget.obj
e:\selfsellwallet\x64\release\moc_shadowwidget.obj
e:\selfsellwallet\x64\release\moc_setdialog.obj
e:\selfsellwallet\x64\release\moc_selectgoppathwidget.obj
e:\selfsellwallet\x64\release\moc_searchoptionwidget.obj
e:\selfsellwallet\x64\release\moc_rpcmgr.obj
e:\selfsellwallet\x64\release\moc_rightclickmenudialog.obj
e:\selfsellwallet\x64\release\moc_renamedialog.obj
e:\selfsellwallet\x64\release\moc_remarkdialog.obj
e:\selfsellwallet\x64\release\moc_remarkcellwidget.obj
e:\selfsellwallet\x64\release\moc_qrcodewidget.obj
e:\selfsellwallet\x64\release\moc_peerinfodialog.obj
e:\selfsellwallet\x64\release\moc_normallogin.obj
e:\selfsellwallet\x64\release\moc_newsdialog.obj
e:\selfsellwallet\x64\release\moc_namedialog.obj
e:\selfsellwallet\x64\release\moc_myprogressbar.obj
e:\selfsellwallet\x64\release\moc_mainpage.obj
e:\selfsellwallet\x64\release\moc_lockpage.obj
e:\selfsellwallet\x64\release\moc_ipcellwidget.obj
e:\selfsellwallet\x64\release\moc_incomecellwidget.obj
e:\selfsellwallet\x64\release\misc.obj
e:\selfsellwallet\x64\release\mainpage.obj
e:\selfsellwallet\x64\release\main.obj
e:\selfsellwallet\x64\release\lockpage.obj
e:\selfsellwallet\x64\release\ipcellwidget.obj
e:\selfsellwallet\x64\release\incomecellwidget.obj
e:\selfsellwallet\x64\release\importdialog.obj
e:\selfsellwallet\x64\release\identitycellwidget.obj
e:\selfsellwallet\x64\release\goopal.obj
e:\selfsellwallet\x64\release\moc_workerthreadmanager.obj
e:\selfsellwallet\x64\release\moc_workerthread.obj
e:\selfsellwallet\x64\release\moc_waitingpage.obj
e:\selfsellwallet\x64\release\moc_waitingforsync.obj
e:\selfsellwallet\x64\release\moc_upgradepage.obj
e:\selfsellwallet\x64\release\moc_transferpage.obj
e:\selfsellwallet\x64\release\moc_transferconfirmdialog.obj
e:\selfsellwallet\x64\release\moc_tokentransaction.obj
e:\selfsellwallet\x64\release\moc_titlebar.obj
e:\selfsellwallet\x64\release\moc_singlecontactwidget.obj
e:\selfsellwallet\x64\release\moc_showcontentdialog.obj
e:\selfsellwallet\x64\release\waitingpage.obj
e:\selfsellwallet\x64\release\waitingforsync.obj
e:\selfsellwallet\x64\release\upgradepage.obj
e:\selfsellwallet\x64\release\transferpage.obj
e:\selfsellwallet\x64\release\transferconfirmdialog.obj
e:\selfsellwallet\x64\release\tokentransaction.obj
e:\selfsellwallet\x64\release\titlebar.obj
e:\selfsellwallet\x64\release\sundry.obj
e:\selfsellwallet\x64\release\singlecontactwidget.obj
e:\selfsellwallet\x64\release\showcontentdialog.obj
e:\selfsellwallet\x64\release\setdialog.obj
e:\selfsellwallet\x64\release\selectgoppathwidget.obj
e:\selfsellwallet\x64\release\searchoptionwidget.obj
e:\selfsellwallet\x64\release\rpcmgr.obj
e:\selfsellwallet\x64\release\remarkdialog.obj
e:\selfsellwallet\x64\release\peerinfodialog.obj
e:\selfsellwallet\x64\release\outputmessage.obj
e:\selfsellwallet\x64\release\normallogin.obj
e:\selfsellwallet\x64\release\newsdialog.obj
e:\selfsellwallet\x64\release\namedialog.obj
e:\selfsellwallet\x64\release\workerthreadmanager.obj
e:\selfsellwallet\x64\release\workerthread.obj
e:\selfsellwallet\x64\release\wallet.obj
e:\selfsellwallet\generatedfiles\release\moc_workerthread.cpp
e:\selfsellwallet\generatedfiles\release\moc_workerthreadmanager.cpp
e:\selfsellwallet\generatedfiles\release\moc_datamgr.cpp
e:\selfsellwallet\generatedfiles\release\moc_accountcellwidget.cpp
e:\selfsellwallet\generatedfiles\release\moc_accountpage.cpp
e:\selfsellwallet\generatedfiles\release\moc_addcontactdialog.cpp
e:\selfsellwallet\generatedfiles\release\moc_addnodedialog.cpp
e:\selfsellwallet\generatedfiles\release\moc_applydelegatepage.cpp
e:\selfsellwallet\generatedfiles\release\moc_bottombar.cpp
e:\selfsellwallet\generatedfiles\release\moc_chooseupgradedialog.cpp
e:\selfsellwallet\generatedfiles\release\moc_commondialog.cpp
e:\selfsellwallet\generatedfiles\release\moc_commontip.cpp
e:\selfsellwallet\generatedfiles\release\moc_consoledialog.cpp
e:\selfsellwallet\generatedfiles\release\moc_contactdialog.cpp
e:\selfsellwallet\generatedfiles\release\moc_contactpage.cpp
e:\selfsellwallet\generatedfiles\release\moc_accountdetailwidget.cpp
e:\selfsellwallet\generatedfiles\release\moc_chooseaddaccountdialog.cpp
e:\selfsellwallet\generatedfiles\release\moc_myprogressbar.cpp
e:\selfsellwallet\generatedfiles\release\moc_qrcodewidget.cpp
e:\selfsellwallet\generatedfiles\release\moc_remarkcellwidget.cpp
e:\selfsellwallet\generatedfiles\release\moc_rightclickmenudialog.cpp
e:\selfsellwallet\generatedfiles\release\moc_shadowwidget.cpp
e:\selfsellwallet\generatedfiles\release\moc_showbottombarwidget.cpp
e:\selfsellwallet\generatedfiles\release\moc_deleteaccountdialog.cpp
e:\selfsellwallet\generatedfiles\release\moc_editremarkdialog.cpp
e:\selfsellwallet\generatedfiles\release\moc_exportdialog.cpp
e:\selfsellwallet\generatedfiles\release\moc_firstlogin.cpp
e:\selfsellwallet\generatedfiles\release\moc_frame.cpp
e:\selfsellwallet\generatedfiles\release\moc_functionbar.cpp
e:\selfsellwallet\generatedfiles\release\moc_dynamicmove.cpp
e:\selfsellwallet\generatedfiles\release\moc_chooseexportdialog.cpp
e:\selfsellwallet\generatedfiles\release\moc_renamedialog.cpp
e:\selfsellwallet\generatedfiles\release\moc_goopal.cpp
e:\selfsellwallet\generatedfiles\release\moc_importdialog.cpp
e:\selfsellwallet\generatedfiles\release\moc_incomecellwidget.cpp
e:\selfsellwallet\generatedfiles\release\moc_ipcellwidget.cpp
e:\selfsellwallet\generatedfiles\release\moc_lockpage.cpp
e:\selfsellwallet\generatedfiles\release\moc_mainpage.cpp
e:\selfsellwallet\generatedfiles\release\moc_namedialog.cpp
e:\selfsellwallet\generatedfiles\release\moc_newsdialog.cpp
e:\selfsellwallet\generatedfiles\release\moc_normallogin.cpp
e:\selfsellwallet\generatedfiles\release\moc_peerinfodialog.cpp
e:\selfsellwallet\generatedfiles\release\moc_remarkdialog.cpp
e:\selfsellwallet\generatedfiles\release\moc_rpcmgr.cpp
e:\selfsellwallet\generatedfiles\release\moc_searchoptionwidget.cpp
e:\selfsellwallet\generatedfiles\release\moc_selectgoppathwidget.cpp
e:\selfsellwallet\generatedfiles\release\moc_setdialog.cpp
e:\selfsellwallet\generatedfiles\release\moc_showcontentdialog.cpp
e:\selfsellwallet\generatedfiles\release\moc_singlecontactwidget.cpp
e:\selfsellwallet\generatedfiles\release\moc_tokentransaction.cpp
e:\selfsellwallet\generatedfiles\release\moc_titlebar.cpp
e:\selfsellwallet\generatedfiles\release\moc_transferconfirmdialog.cpp
e:\selfsellwallet\generatedfiles\release\moc_transferpage.cpp
e:\selfsellwallet\generatedfiles\release\moc_upgradepage.cpp
e:\selfsellwallet\generatedfiles\release\moc_waitingforsync.cpp
e:\selfsellwallet\generatedfiles\release\moc_waitingpage.cpp
e:\selfsellwallet\generatedfiles\ui_accountcellwidget.h
e:\selfsellwallet\generatedfiles\ui_accountpage.h
e:\selfsellwallet\generatedfiles\ui_addcontactdialog.h
e:\selfsellwallet\generatedfiles\ui_addnodedialog.h
e:\selfsellwallet\generatedfiles\ui_applydelegatepage.h
e:\selfsellwallet\generatedfiles\ui_bottombar.h
e:\selfsellwallet\generatedfiles\ui_chooseupgradedialog.h
e:\selfsellwallet\generatedfiles\ui_commondialog.h
e:\selfsellwallet\generatedfiles\ui_commontip.h
e:\selfsellwallet\generatedfiles\ui_consoledialog.h
e:\selfsellwallet\generatedfiles\ui_contactdialog.h
e:\selfsellwallet\generatedfiles\ui_contactpage.h
e:\selfsellwallet\generatedfiles\ui_deleteaccountdialog.h
e:\selfsellwallet\generatedfiles\ui_editremarkdialog.h
e:\selfsellwallet\generatedfiles\ui_exportdialog.h
e:\selfsellwallet\generatedfiles\ui_firstlogin.h
e:\selfsellwallet\generatedfiles\ui_functionbar.h
e:\selfsellwallet\generatedfiles\ui_identitycellwidget.h
e:\selfsellwallet\generatedfiles\ui_importdialog.h
e:\selfsellwallet\generatedfiles\ui_incomecellwidget.h
e:\selfsellwallet\generatedfiles\ui_ipcellwidget.h
e:\selfsellwallet\generatedfiles\ui_lockpage.h
e:\selfsellwallet\generatedfiles\ui_mainpage.h
e:\selfsellwallet\generatedfiles\ui_namedialog.h
e:\selfsellwallet\generatedfiles\ui_newsdialog.h
e:\selfsellwallet\generatedfiles\ui_normallogin.h
e:\selfsellwallet\generatedfiles\ui_peerinfodialog.h
e:\selfsellwallet\generatedfiles\ui_remarkdialog.h
e:\selfsellwallet\generatedfiles\ui_searchoptionwidget.h
e:\selfsellwallet\generatedfiles\ui_selectgoppathwidget.h
e:\selfsellwallet\generatedfiles\ui_setdialog.h
e:\selfsellwallet\generatedfiles\ui_showcontentdialog.h
e:\selfsellwallet\generatedfiles\ui_singlecontactwidget.h
e:\selfsellwallet\generatedfiles\ui_titlebar.h
e:\selfsellwallet\generatedfiles\ui_transferconfirmdialog.h
e:\selfsellwallet\generatedfiles\ui_transferpage.h
e:\selfsellwallet\generatedfiles\ui_upgradepage.h
e:\selfsellwallet\generatedfiles\ui_waitingforsync.h
e:\selfsellwallet\generatedfiles\ui_waitingpage.h
e:\selfsellwallet\generatedfiles\ui_accountdetailwidget.h
e:\selfsellwallet\generatedfiles\ui_chooseaddaccountdialog.h
e:\selfsellwallet\generatedfiles\ui_remarkcellwidget.h
e:\selfsellwallet\generatedfiles\ui_rightclickmenudialog.h
e:\selfsellwallet\generatedfiles\ui_shadowwidget.h
e:\selfsellwallet\generatedfiles\ui_chooseexportdialog.h
e:\selfsellwallet\generatedfiles\ui_renamedialog.h
e:\selfsellwallet\x64\release\logo.res
e:\selfsellwallet\x64\release\sscwallet.ilk
e:\selfsellwallet\x64\release\selfsellwallet.tlog\cl.command.1.tlog
e:\selfsellwallet\x64\release\selfsellwallet.tlog\cl.read.1.tlog
e:\selfsellwallet\x64\release\selfsellwallet.tlog\cl.write.1.tlog
e:\selfsellwallet\x64\release\selfsellwallet.tlog\custombuild.command.1.tlog
e:\selfsellwallet\x64\release\selfsellwallet.tlog\custombuild.read.1.tlog
e:\selfsellwallet\x64\release\selfsellwallet.tlog\custombuild.write.1.tlog
e:\selfsellwallet\x64\release\selfsellwallet.tlog\link-cvtres.read.1.tlog
e:\selfsellwallet\x64\release\selfsellwallet.tlog\link-cvtres.write.1.tlog
e:\selfsellwallet\x64\release\selfsellwallet.tlog\link-rc.read.1.tlog
e:\selfsellwallet\x64\release\selfsellwallet.tlog\link-rc.write.1.tlog
e:\selfsellwallet\x64\release\selfsellwallet.tlog\link.command.1.tlog
e:\selfsellwallet\x64\release\selfsellwallet.tlog\link.read.1.tlog
e:\selfsellwallet\x64\release\selfsellwallet.tlog\link.write.1.tlog
e:\selfsellwallet\x64\release\selfsellwallet.tlog\rc.command.1.tlog
e:\selfsellwallet\x64\release\selfsellwallet.tlog\rc.read.1.tlog
e:\selfsellwallet\x64\release\selfsellwallet.tlog\rc.write.1.tlog
