e:\achainwallet\x64\debug\vc120.pdb
e:\achainwallet\x64\debug\vc120.idb
e:\achainwallet\x64\debug\rightclickmenudialog.obj
e:\achainwallet\x64\debug\rpcmgr.obj
e:\achainwallet\x64\debug\searchoptionwidget.obj
e:\achainwallet\x64\debug\selectgoppathwidget.obj
e:\achainwallet\x64\debug\setdialog.obj
e:\achainwallet\x64\debug\shadowwidget.obj
e:\achainwallet\x64\debug\showbottombarwidget.obj
e:\achainwallet\x64\debug\showcontentdialog.obj
e:\achainwallet\x64\debug\singlecontactwidget.obj
e:\achainwallet\x64\debug\titlebar.obj
e:\achainwallet\x64\debug\tokentransaction.obj
e:\achainwallet\x64\debug\transferconfirmdialog.obj
e:\achainwallet\x64\debug\transferpage.obj
e:\achainwallet\x64\debug\sundry.obj
e:\achainwallet\x64\debug\upgradepage.obj
e:\achainwallet\x64\debug\waitingforsync.obj
e:\achainwallet\x64\debug\waitingpage.obj
e:\achainwallet\x64\debug\wallet.obj
e:\achainwallet\x64\debug\workerthread.obj
e:\achainwallet\x64\debug\workerthreadmanager.obj
e:\achainwallet\x64\debug\functionbar.obj
e:\achainwallet\x64\debug\goopal.obj
e:\achainwallet\x64\debug\identitycellwidget.obj
e:\achainwallet\x64\debug\importdialog.obj
e:\achainwallet\x64\debug\incomecellwidget.obj
e:\achainwallet\x64\debug\ipcellwidget.obj
e:\achainwallet\x64\debug\lockpage.obj
e:\achainwallet\x64\debug\main.obj
e:\achainwallet\x64\debug\mainpage.obj
e:\achainwallet\x64\debug\myprogressbar.obj
e:\achainwallet\x64\debug\misc.obj
e:\achainwallet\x64\debug\namedialog.obj
e:\achainwallet\x64\debug\newsdialog.obj
e:\achainwallet\x64\debug\normallogin.obj
e:\achainwallet\x64\debug\outputmessage.obj
e:\achainwallet\x64\debug\peerinfodialog.obj
e:\achainwallet\x64\debug\qrcodewidget.obj
e:\achainwallet\x64\debug\remarkcellwidget.obj
e:\achainwallet\x64\debug\remarkdialog.obj
e:\achainwallet\x64\debug\renamedialog.obj
e:\achainwallet\x64\debug\moc_transferpage.obj
e:\achainwallet\x64\debug\moc_upgradepage.obj
e:\achainwallet\x64\debug\moc_waitingforsync.obj
e:\achainwallet\x64\debug\moc_waitingpage.obj
e:\achainwallet\x64\debug\moc_workerthread.obj
e:\achainwallet\x64\debug\moc_workerthreadmanager.obj
e:\achainwallet\x64\debug\deleteaccountdialog.obj
e:\achainwallet\x64\debug\chooseexportdialog.obj
e:\achainwallet\x64\debug\chooseupgradedialog.obj
e:\achainwallet\x64\debug\commondialog.obj
e:\achainwallet\x64\debug\commontip.obj
e:\achainwallet\x64\debug\consoledialog.obj
e:\achainwallet\x64\debug\contactdialog.obj
e:\achainwallet\x64\debug\contactpage.obj
e:\achainwallet\x64\debug\debug_log.obj
e:\achainwallet\x64\debug\dynamicmove.obj
e:\achainwallet\x64\debug\editremarkdialog.obj
e:\achainwallet\x64\debug\exportdialog.obj
e:\achainwallet\x64\debug\firstlogin.obj
e:\achainwallet\x64\debug\frame.obj
e:\achainwallet\x64\debug\moc_namedialog.obj
e:\achainwallet\x64\debug\moc_newsdialog.obj
e:\achainwallet\x64\debug\moc_normallogin.obj
e:\achainwallet\x64\debug\moc_peerinfodialog.obj
e:\achainwallet\x64\debug\moc_qrcodewidget.obj
e:\achainwallet\x64\debug\moc_remarkcellwidget.obj
e:\achainwallet\x64\debug\moc_remarkdialog.obj
e:\achainwallet\x64\debug\moc_renamedialog.obj
e:\achainwallet\x64\debug\moc_rightclickmenudialog.obj
e:\achainwallet\x64\debug\moc_rpcmgr.obj
e:\achainwallet\x64\debug\moc_searchoptionwidget.obj
e:\achainwallet\x64\debug\moc_selectgoppathwidget.obj
e:\achainwallet\x64\debug\moc_setdialog.obj
e:\achainwallet\x64\debug\moc_shadowwidget.obj
e:\achainwallet\x64\debug\moc_showbottombarwidget.obj
e:\achainwallet\x64\debug\moc_showcontentdialog.obj
e:\achainwallet\x64\debug\moc_singlecontactwidget.obj
e:\achainwallet\x64\debug\moc_titlebar.obj
e:\achainwallet\x64\debug\moc_tokentransaction.obj
e:\achainwallet\x64\debug\moc_transferconfirmdialog.obj
e:\achainwallet\x64\debug\moc_commondialog.obj
e:\achainwallet\x64\debug\moc_commontip.obj
e:\achainwallet\x64\debug\moc_consoledialog.obj
e:\achainwallet\x64\debug\moc_contactdialog.obj
e:\achainwallet\x64\debug\moc_contactpage.obj
e:\achainwallet\x64\debug\moc_datamgr.obj
e:\achainwallet\x64\debug\moc_deleteaccountdialog.obj
e:\achainwallet\x64\debug\moc_dynamicmove.obj
e:\achainwallet\x64\debug\moc_editremarkdialog.obj
e:\achainwallet\x64\debug\moc_exportdialog.obj
e:\achainwallet\x64\debug\moc_firstlogin.obj
e:\achainwallet\x64\debug\moc_frame.obj
e:\achainwallet\x64\debug\moc_functionbar.obj
e:\achainwallet\x64\debug\moc_goopal.obj
e:\achainwallet\x64\debug\moc_importdialog.obj
e:\achainwallet\x64\debug\moc_incomecellwidget.obj
e:\achainwallet\x64\debug\moc_ipcellwidget.obj
e:\achainwallet\x64\debug\moc_lockpage.obj
e:\achainwallet\x64\debug\moc_mainpage.obj
e:\achainwallet\x64\debug\moc_myprogressbar.obj
e:\achainwallet\x64\debug\commandjson.obj
e:\achainwallet\x64\debug\contract.obj
e:\achainwallet\x64\debug\accountdetailwidget.obj
e:\achainwallet\x64\debug\accountpage.obj
e:\achainwallet\x64\debug\addcontactdialog.obj
e:\achainwallet\x64\debug\addnodedialog.obj
e:\achainwallet\x64\debug\applydelegatepage.obj
e:\achainwallet\x64\debug\bottombar.obj
e:\achainwallet\x64\debug\chooseaddaccountdialog.obj
e:\achainwallet\x64\debug\datamgr.obj
e:\achainwallet\x64\debug\moc_accountcellwidget.obj
e:\achainwallet\x64\debug\moc_accountdetailwidget.obj
e:\achainwallet\x64\debug\moc_accountpage.obj
e:\achainwallet\x64\debug\moc_addcontactdialog.obj
e:\achainwallet\x64\debug\moc_addnodedialog.obj
e:\achainwallet\x64\debug\moc_applydelegatepage.obj
e:\achainwallet\x64\debug\moc_bottombar.obj
e:\achainwallet\x64\debug\moc_chooseaddaccountdialog.obj
e:\achainwallet\x64\debug\moc_chooseexportdialog.obj
e:\achainwallet\x64\debug\moc_chooseupgradedialog.obj
e:\achainwallet\x64\debug\accountcellwidget.obj
e:\achainwallet\x64\debug\blockchain.obj
e:\achainwallet\debug\moc_tokentransaction.cpp
e:\achainwallet\debug\moc_datamgr.cpp
e:\achainwallet\debug\moc_rpcmgr.cpp
e:\achainwallet\debug\moc_accountcellwidget.cpp
e:\achainwallet\debug\moc_accountdetailwidget.cpp
e:\achainwallet\debug\moc_accountpage.cpp
e:\achainwallet\debug\moc_addcontactdialog.cpp
e:\achainwallet\debug\moc_addnodedialog.cpp
e:\achainwallet\debug\moc_applydelegatepage.cpp
e:\achainwallet\debug\moc_bottombar.cpp
e:\achainwallet\debug\moc_chooseaddaccountdialog.cpp
e:\achainwallet\debug\moc_chooseexportdialog.cpp
e:\achainwallet\debug\moc_chooseupgradedialog.cpp
e:\achainwallet\debug\moc_commondialog.cpp
e:\achainwallet\debug\moc_commontip.cpp
e:\achainwallet\debug\moc_consoledialog.cpp
e:\achainwallet\debug\moc_contactdialog.cpp
e:\achainwallet\debug\moc_contactpage.cpp
e:\achainwallet\debug\moc_deleteaccountdialog.cpp
e:\achainwallet\debug\moc_dynamicmove.cpp
e:\achainwallet\debug\moc_editremarkdialog.cpp
e:\achainwallet\debug\moc_exportdialog.cpp
e:\achainwallet\debug\moc_firstlogin.cpp
e:\achainwallet\debug\moc_frame.cpp
e:\achainwallet\debug\moc_functionbar.cpp
e:\achainwallet\debug\moc_goopal.cpp
e:\achainwallet\debug\moc_importdialog.cpp
e:\achainwallet\debug\moc_incomecellwidget.cpp
e:\achainwallet\debug\moc_ipcellwidget.cpp
e:\achainwallet\debug\moc_lockpage.cpp
e:\achainwallet\debug\moc_mainpage.cpp
e:\achainwallet\debug\moc_myprogressbar.cpp
e:\achainwallet\debug\moc_namedialog.cpp
e:\achainwallet\debug\moc_newsdialog.cpp
e:\achainwallet\debug\moc_normallogin.cpp
e:\achainwallet\debug\moc_peerinfodialog.cpp
e:\achainwallet\debug\moc_qrcodewidget.cpp
e:\achainwallet\debug\moc_remarkcellwidget.cpp
e:\achainwallet\debug\moc_remarkdialog.cpp
e:\achainwallet\debug\moc_renamedialog.cpp
e:\achainwallet\debug\moc_rightclickmenudialog.cpp
e:\achainwallet\debug\moc_searchoptionwidget.cpp
e:\achainwallet\debug\moc_selectgoppathwidget.cpp
e:\achainwallet\debug\moc_setdialog.cpp
e:\achainwallet\debug\moc_shadowwidget.cpp
e:\achainwallet\debug\moc_showbottombarwidget.cpp
e:\achainwallet\debug\moc_showcontentdialog.cpp
e:\achainwallet\debug\moc_singlecontactwidget.cpp
e:\achainwallet\debug\moc_titlebar.cpp
e:\achainwallet\debug\moc_transferconfirmdialog.cpp
e:\achainwallet\debug\moc_transferpage.cpp
e:\achainwallet\debug\moc_upgradepage.cpp
e:\achainwallet\debug\moc_waitingforsync.cpp
e:\achainwallet\debug\moc_workerthread.cpp
e:\achainwallet\debug\moc_workerthreadmanager.cpp
e:\achainwallet\generatedfiles\ui_accountcellwidget.h
e:\achainwallet\generatedfiles\ui_accountdetailwidget.h
e:\achainwallet\generatedfiles\ui_accountpage.h
e:\achainwallet\generatedfiles\ui_addcontactdialog.h
e:\achainwallet\generatedfiles\ui_addnodedialog.h
e:\achainwallet\generatedfiles\ui_applydelegatepage.h
e:\achainwallet\generatedfiles\ui_bottombar.h
e:\achainwallet\generatedfiles\ui_chooseaddaccountdialog.h
e:\achainwallet\generatedfiles\ui_chooseexportdialog.h
e:\achainwallet\generatedfiles\ui_chooseupgradedialog.h
e:\achainwallet\generatedfiles\ui_commondialog.h
e:\achainwallet\generatedfiles\ui_commontip.h
e:\achainwallet\generatedfiles\ui_consoledialog.h
e:\achainwallet\generatedfiles\ui_contactdialog.h
e:\achainwallet\generatedfiles\ui_contactpage.h
e:\achainwallet\generatedfiles\ui_deleteaccountdialog.h
e:\achainwallet\generatedfiles\ui_editremarkdialog.h
e:\achainwallet\generatedfiles\ui_exportdialog.h
e:\achainwallet\generatedfiles\ui_firstlogin.h
e:\achainwallet\generatedfiles\ui_functionbar.h
e:\achainwallet\generatedfiles\ui_identitycellwidget.h
e:\achainwallet\generatedfiles\ui_importdialog.h
e:\achainwallet\generatedfiles\ui_incomecellwidget.h
e:\achainwallet\generatedfiles\ui_ipcellwidget.h
e:\achainwallet\generatedfiles\ui_lockpage.h
e:\achainwallet\generatedfiles\ui_mainpage.h
e:\achainwallet\generatedfiles\ui_namedialog.h
e:\achainwallet\generatedfiles\ui_newsdialog.h
e:\achainwallet\generatedfiles\ui_normallogin.h
e:\achainwallet\generatedfiles\ui_peerinfodialog.h
e:\achainwallet\generatedfiles\ui_remarkcellwidget.h
e:\achainwallet\generatedfiles\ui_remarkdialog.h
e:\achainwallet\generatedfiles\ui_renamedialog.h
e:\achainwallet\generatedfiles\ui_rightclickmenudialog.h
e:\achainwallet\generatedfiles\ui_searchoptionwidget.h
e:\achainwallet\generatedfiles\ui_selectgoppathwidget.h
e:\achainwallet\generatedfiles\ui_setdialog.h
e:\achainwallet\generatedfiles\ui_shadowwidget.h
e:\achainwallet\generatedfiles\ui_showcontentdialog.h
e:\achainwallet\generatedfiles\ui_singlecontactwidget.h
e:\achainwallet\generatedfiles\ui_titlebar.h
e:\achainwallet\generatedfiles\ui_transferconfirmdialog.h
e:\achainwallet\generatedfiles\ui_transferpage.h
e:\achainwallet\generatedfiles\ui_upgradepage.h
e:\achainwallet\generatedfiles\ui_waitingforsync.h
e:\achainwallet\generatedfiles\ui_waitingpage.h
e:\achainwallet\debug\moc_waitingpage.cpp
e:\achainwallet\x64\debug\achain.ilk
e:\achainwallet\x64\debug\achain.exe
e:\achainwallet\x64\debug\achain.pdb
e:\achainwallet\x64\debug\logo.res
e:\achainwallet\x64\debug\achainwallet.tlog\cl.command.1.tlog
e:\achainwallet\x64\debug\achainwallet.tlog\cl.read.1.tlog
e:\achainwallet\x64\debug\achainwallet.tlog\cl.write.1.tlog
e:\achainwallet\x64\debug\achainwallet.tlog\custombuild.command.1.tlog
e:\achainwallet\x64\debug\achainwallet.tlog\custombuild.read.1.tlog
e:\achainwallet\x64\debug\achainwallet.tlog\custombuild.write.1.tlog
e:\achainwallet\x64\debug\achainwallet.tlog\link.command.1.tlog
e:\achainwallet\x64\debug\achainwallet.tlog\link.read.1.tlog
e:\achainwallet\x64\debug\achainwallet.tlog\link.write.1.tlog
e:\achainwallet\x64\debug\achainwallet.tlog\rc.command.1.tlog
e:\achainwallet\x64\debug\achainwallet.tlog\rc.read.1.tlog
e:\achainwallet\x64\debug\achainwallet.tlog\rc.write.1.tlog
