生成启动时间为 2018/3/20 15:42:22。
     1>项目“E:\SelfSellWallet\SelfSellWallet.vcxproj”在节点 2 上(Build 个目标)。
     1>C:\Program Files (x86)\MSBuild\Microsoft.Cpp\v4.0\V120\Microsoft.CppBuild.targets(388,5): warning MSB8028: The intermediate directory (x64\Debug\) contains files shared from another project (AchainWallet.vcxproj).  This can lead to incorrect clean and rebuild behavior.
     1>ClCompile:
         D:\Program Files (x86)\Microsoft Visual Studio 12.0\VC\bin\x86_amd64\CL.exe /c /I.\GeneratedFiles /I"C:\Qt\Qt5.7.1\5.7\msvc2013_64\mkspecs\win32-msvc2013" /Idebug /I. /IC:\Qt\Qt5.7.1\5.7\msvc2013_64\include\QtANGLE /IC:\Qt\Qt5.7.1\5.7\msvc2013_64\include /I.\GeneratedFiles\Debug /IC:\Qt\Qt5.7.1\5.7\msvc2013_64\include\QtCore /IC:\Qt\Qt5.7.1\5.7\msvc2013_64\include\QtGui /IC:\Qt\Qt5.7.1\5.7\msvc2013_64\include\QtNetwork /IC:\Qt\Qt5.7.1\5.7\msvc2013_64\include\QtWidgets /IC:\Qt\Qt5.7.1\5.7\msvc2013_64\include\QtXml /Zi /nologo /W3 /WX- /MP /Od /D _WINDOWS /D UNICODE /D WIN32 /D QT_WIDGETS_LIB /D QT_GUI_LIB /D QT_XML_LIB /D QT_NETWORK_LIB /D QT_CORE_LIB /D WIN64 /D _UNICODE /D UNICODE /Gm /EHsc /MDd /GS /fp:precise /Zc:wchar_t /Zc:forScope /GR /Fo"x64\Debug\\" /Fd"x64\Debug\vc120.pdb" /Gd /TP /errorReport:prompt datamgr.cpp
         datamgr.cpp
       Link:
         D:\Program Files (x86)\Microsoft Visual Studio 12.0\VC\bin\x86_amd64\link.exe /ERRORREPORT:PROMPT /OUT:"E:\SelfSellWallet\x64\Debug\\SelfSellWallet.exe" /INCREMENTAL /NOLOGO /LIBPATH:C:\Qt\Qt5.7.1\5.7\msvc2013_64\lib /LIBPATH:E:\SelfSellWallet\ qtmaind.lib shell32.lib Qt5Cored.lib DbgHelp.lib User32.Lib E:\SelfSellWallet\\qrencode.lib imm32.lib Qt5Widgetsd.lib Qt5Guid.lib Qt5Xmld.lib Qt5Networkd.lib kernel32.lib user32.lib gdi32.lib winspool.lib comdlg32.lib advapi32.lib shell32.lib ole32.lib oleaut32.lib uuid.lib odbc32.lib odbccp32.lib /MANIFEST /MANIFESTUAC:"level='asInvoker' uiAccess='false'" /manifest:embed /DEBUG /PDB:"E:\SelfSellWallet\x64\Debug\SelfSellWallet.pdb" /SUBSYSTEM:WINDOWS /TLBID:1 /DYNAMICBASE /NXCOMPAT /MACHINE:X64 x64\Debug\logo.res
         x64\Debug\accountcellwidget.obj
         x64\Debug\accountpage.obj
         x64\Debug\addcontactdialog.obj
         x64\Debug\addnodedialog.obj
         x64\Debug\applydelegatepage.obj
         x64\Debug\blockchain.obj
         x64\Debug\bottombar.obj
         x64\Debug\chooseupgradedialog.obj
         x64\Debug\commandjson.obj
         x64\Debug\commondialog.obj
         x64\Debug\commontip.obj
         x64\Debug\consoledialog.obj
         x64\Debug\contactdialog.obj
         x64\Debug\contactpage.obj
         x64\Debug\contract.obj
         x64\Debug\accountdetailwidget.obj
         x64\Debug\chooseaddaccountdialog.obj
         x64\Debug\myprogressbar.obj
         x64\Debug\qrcodewidget.obj
         x64\Debug\remarkcellwidget.obj
         x64\Debug\rightclickmenudialog.obj
         x64\Debug\shadowwidget.obj
         x64\Debug\showbottombarwidget.obj
         x64\Debug\datamgr.obj
         x64\Debug\debug_log.obj
         x64\Debug\deleteaccountdialog.obj
         x64\Debug\chooseexportdialog.obj
         x64\Debug\dialogwithshadow.obj
         x64\Debug\renamedialog.obj
         x64\Debug\editremarkdialog.obj
         x64\Debug\exportdialog.obj
         x64\Debug\dynamicmove.obj
         x64\Debug\firstlogin.obj
         x64\Debug\frame.obj
         x64\Debug\functionbar.obj
         x64\Debug\moc_accountcellwidget.obj
         x64\Debug\moc_accountdetailwidget.obj
         x64\Debug\moc_accountpage.obj
         x64\Debug\moc_addcontactdialog.obj
         x64\Debug\moc_addnodedialog.obj
         x64\Debug\moc_applydelegatepage.obj
         x64\Debug\moc_bottombar.obj
         x64\Debug\moc_chooseaddaccountdialog.obj
         x64\Debug\moc_chooseexportdialog.obj
         x64\Debug\moc_chooseupgradedialog.obj
         x64\Debug\moc_commondialog.obj
         x64\Debug\moc_commontip.obj
         x64\Debug\moc_consoledialog.obj
         x64\Debug\moc_contactdialog.obj
         x64\Debug\moc_contactpage.obj
         x64\Debug\moc_datamgr.obj
         x64\Debug\moc_deleteaccountdialog.obj
         x64\Debug\moc_dynamicmove.obj
         x64\Debug\moc_editremarkdialog.obj
         x64\Debug\moc_exportdialog.obj
         x64\Debug\moc_firstlogin.obj
         x64\Debug\moc_frame.obj
         x64\Debug\moc_functionbar.obj
         x64\Debug\moc_goopal.obj
         x64\Debug\moc_importdialog.obj
         x64\Debug\moc_incomecellwidget.obj
         x64\Debug\moc_ipcellwidget.obj
         x64\Debug\moc_lockpage.obj
         x64\Debug\moc_mainpage.obj
         x64\Debug\moc_myprogressbar.obj
         x64\Debug\moc_namedialog.obj
         x64\Debug\moc_newsdialog.obj
         x64\Debug\moc_normallogin.obj
         x64\Debug\moc_peerinfodialog.obj
         x64\Debug\moc_qrcodewidget.obj
         x64\Debug\moc_remarkcellwidget.obj
         x64\Debug\moc_remarkdialog.obj
         x64\Debug\moc_renamedialog.obj
         x64\Debug\moc_rightclickmenudialog.obj
         x64\Debug\moc_rpcmgr.obj
         x64\Debug\moc_searchoptionwidget.obj
         x64\Debug\moc_selectgoppathwidget.obj
         x64\Debug\moc_setdialog.obj
         x64\Debug\moc_shadowwidget.obj
         x64\Debug\moc_showbottombarwidget.obj
         x64\Debug\moc_showcontentdialog.obj
         x64\Debug\moc_singlecontactwidget.obj
         x64\Debug\moc_titlebar.obj
         x64\Debug\moc_tokentransaction.obj
         x64\Debug\moc_transferconfirmdialog.obj
         x64\Debug\moc_transferpage.obj
         x64\Debug\moc_upgradepage.obj
         x64\Debug\moc_waitingforsync.obj
         x64\Debug\moc_waitingpage.obj
         x64\Debug\moc_workerthread.obj
         x64\Debug\moc_workerthreadmanager.obj
         x64\Debug\goopal.obj
         x64\Debug\identitycellwidget.obj
         x64\Debug\importdialog.obj
         x64\Debug\incomecellwidget.obj
         x64\Debug\ipcellwidget.obj
         x64\Debug\lockpage.obj
         x64\Debug\main.obj
         x64\Debug\mainpage.obj
         x64\Debug\misc.obj
         x64\Debug\namedialog.obj
         x64\Debug\newsdialog.obj
         x64\Debug\normallogin.obj
         x64\Debug\outputmessage.obj
         x64\Debug\peerinfodialog.obj
         x64\Debug\remarkdialog.obj
         x64\Debug\rpcmgr.obj
         x64\Debug\searchoptionwidget.obj
         x64\Debug\selectgoppathwidget.obj
         x64\Debug\setdialog.obj
         x64\Debug\showcontentdialog.obj
         x64\Debug\singlecontactwidget.obj
         x64\Debug\sundry.obj
         x64\Debug\titlebar.obj
         x64\Debug\tokentransaction.obj
         x64\Debug\transferconfirmdialog.obj
         x64\Debug\transferpage.obj
         x64\Debug\upgradepage.obj
         x64\Debug\waitingforsync.obj
         x64\Debug\waitingpage.obj
         x64\Debug\wallet.obj
         x64\Debug\workerthread.obj
         x64\Debug\workerthreadmanager.obj
         SelfSellWallet.vcxproj -> E:\SelfSellWallet\x64\Debug\SelfSellWallet.exe
     1>已完成生成项目“E:\SelfSellWallet\SelfSellWallet.vcxproj”(Build 个目标)的操作。

生成成功。

已用时间 00:00:02.40
