new start
download
download:/update/config.json
down finishC:/Users/wanglihui/AppData/Roaming/SSCUpdate/config.json
C:/Users/wanglihui/AppData/Roaming/SSCUpdate/config.json update_count: 0
download config.json succ!
version:1.0.5.0
version not empty
download next file:/update/file_index.json
download:/update/file_index.json
down finishC:/Users/wanglihui/AppData/Roaming/SSCUpdate/file_index.json
C:/Users/wanglihui/AppData/Roaming/SSCUpdate/file_index.json update_count: 0
download file_index.json succ!
new version:2018022809
cur version:2018022809
new version: 2018022809,cur version: 2018022809
version is latest
new start
download
download:/update/config.json
down finishC:/Users/wanglihui/AppData/Roaming/SSCUpdate/config.json
C:/Users/wanglihui/AppData/Roaming/SSCUpdate/config.json update_count: 0
download config.json succ!
version:1.0.5.0
version not empty
download next file:/update/file_index.json
download:/update/file_index.json
down finishC:/Users/wanglihui/AppData/Roaming/SSCUpdate/file_index.json
C:/Users/wanglihui/AppData/Roaming/SSCUpdate/file_index.json update_count: 0
download file_index.json succ!
new version:2018022809
cur version:2018022809
new version: 2018022809,cur version: 2018022809
version is latest
new start
download
download:/update/config.json
down finishC:/Users/wanglihui/AppData/Roaming/SSCUpdate/config.json
C:/Users/wanglihui/AppData/Roaming/SSCUpdate/config.json update_count: 0
download config.json succ!
version:1.0.5.0
version not empty
download next file:/update/file_index.json
download:/update/file_index.json
down finishC:/Users/wanglihui/AppData/Roaming/SSCUpdate/file_index.json
C:/Users/wanglihui/AppData/Roaming/SSCUpdate/file_index.json update_count: 0
download file_index.json succ!
new version:2018022809
cur version:2018022809
new version: 2018022809,cur version: 2018022809
version is latest
new start
download
download:/update/config.json
down finishC:/Users/wanglihui/AppData/Roaming/SSCUpdate/config.json
C:/Users/wanglihui/AppData/Roaming/SSCUpdate/config.json update_count: 0
download config.json succ!
version:1.0.5.0
version not empty
download next file:/update/file_index.json
download:/update/file_index.json
down finishC:/Users/wanglihui/AppData/Roaming/SSCUpdate/file_index.json
C:/Users/wanglihui/AppData/Roaming/SSCUpdate/file_index.json update_count: 0
download file_index.json succ!
new version:2018022809
cur version:2018022809
new version: 2018022809,cur version: 2018022809
version is latest
new start
download
download:/update/config.json
down finishC:/Users/wanglihui/AppData/Roaming/SSCUpdate/config.json
C:/Users/wanglihui/AppData/Roaming/SSCUpdate/config.json update_count: 0
download config.json succ!
version:1.0.5.0
version not empty
download next file:/update/file_index.json
download:/update/file_index.json
down finishC:/Users/wanglihui/AppData/Roaming/SSCUpdate/file_index.json
C:/Users/wanglihui/AppData/Roaming/SSCUpdate/file_index.json update_count: 0
download file_index.json succ!
new version:2018022809
cur version:2018022809
new version: 2018022809,cur version: 2018022809
version is latest
